2018-11-19 10:32:57  INFO EmpDaoImp:41 - 添加员工粗错
com.mysql.jdbc.exceptions.jdbc4.MySQLIntegrityConstraintViolationException: Duplicate entry 'test01' for key 'PRIMARY'
	at sun.reflect.NativeConstructorAccessorImpl.newInstance0(Native Method)
	at sun.reflect.NativeConstructorAccessorImpl.newInstance(NativeConstructorAccessorImpl.java:57)
	at sun.reflect.DelegatingConstructorAccessorImpl.newInstance(DelegatingConstructorAccessorImpl.java:45)
	at java.lang.reflect.Constructor.newInstance(Constructor.java:526)
	at com.mysql.jdbc.Util.handleNewInstance(Util.java:406)
	at com.mysql.jdbc.Util.getInstance(Util.java:381)
	at com.mysql.jdbc.SQLError.createSQLException(SQLError.java:1015)
	at com.mysql.jdbc.SQLError.createSQLException(SQLError.java:956)
	at com.mysql.jdbc.MysqlIO.checkErrorPacket(MysqlIO.java:3515)
	at com.mysql.jdbc.MysqlIO.checkErrorPacket(MysqlIO.java:3447)
	at com.mysql.jdbc.MysqlIO.sendCommand(MysqlIO.java:1951)
	at com.mysql.jdbc.MysqlIO.sqlQueryDirect(MysqlIO.java:2101)
	at com.mysql.jdbc.ConnectionImpl.execSQL(ConnectionImpl.java:2554)
	at com.mysql.jdbc.PreparedStatement.executeInternal(PreparedStatement.java:1761)
	at com.mysql.jdbc.PreparedStatement.executeUpdate(PreparedStatement.java:2046)
	at com.mysql.jdbc.PreparedStatement.executeUpdate(PreparedStatement.java:1964)
	at com.mysql.jdbc.PreparedStatement.executeUpdate(PreparedStatement.java:1949)
	at org.apache.commons.dbcp.DelegatingPreparedStatement.executeUpdate(DelegatingPreparedStatement.java:101)
	at com.njwb.util.JDBCTemplate.update(JDBCTemplate.java:36)
	at com.njwb.dao.imp.EmpDaoImp.addEmp(EmpDaoImp.java:23)
	at com.njwb.dao.imp.EmpDaoImp.main(EmpDaoImp.java:115)
2018-11-19 10:33:51  INFO EmpDaoImp:41 - 添加员工粗错
com.mysql.jdbc.exceptions.jdbc4.MySQLIntegrityConstraintViolationException: Duplicate entry 'test01' for key 'PRIMARY'
	at sun.reflect.NativeConstructorAccessorImpl.newInstance0(Native Method)
	at sun.reflect.NativeConstructorAccessorImpl.newInstance(NativeConstructorAccessorImpl.java:57)
	at sun.reflect.DelegatingConstructorAccessorImpl.newInstance(DelegatingConstructorAccessorImpl.java:45)
	at java.lang.reflect.Constructor.newInstance(Constructor.java:526)
	at com.mysql.jdbc.Util.handleNewInstance(Util.java:406)
	at com.mysql.jdbc.Util.getInstance(Util.java:381)
	at com.mysql.jdbc.SQLError.createSQLException(SQLError.java:1015)
	at com.mysql.jdbc.SQLError.createSQLException(SQLError.java:956)
	at com.mysql.jdbc.MysqlIO.checkErrorPacket(MysqlIO.java:3515)
	at com.mysql.jdbc.MysqlIO.checkErrorPacket(MysqlIO.java:3447)
	at com.mysql.jdbc.MysqlIO.sendCommand(MysqlIO.java:1951)
	at com.mysql.jdbc.MysqlIO.sqlQueryDirect(MysqlIO.java:2101)
	at com.mysql.jdbc.ConnectionImpl.execSQL(ConnectionImpl.java:2554)
	at com.mysql.jdbc.PreparedStatement.executeInternal(PreparedStatement.java:1761)
	at com.mysql.jdbc.PreparedStatement.executeUpdate(PreparedStatement.java:2046)
	at com.mysql.jdbc.PreparedStatement.executeUpdate(PreparedStatement.java:1964)
	at com.mysql.jdbc.PreparedStatement.executeUpdate(PreparedStatement.java:1949)
	at org.apache.commons.dbcp.DelegatingPreparedStatement.executeUpdate(DelegatingPreparedStatement.java:101)
	at com.njwb.util.JDBCTemplate.update(JDBCTemplate.java:36)
	at com.njwb.dao.imp.EmpDaoImp.addEmp(EmpDaoImp.java:23)
	at com.njwb.dao.imp.EmpDaoImp.main(EmpDaoImp.java:115)
2018-11-19 10:34:42  INFO EmpDaoImp:41 - 添加员工粗错
com.mysql.jdbc.exceptions.jdbc4.MySQLIntegrityConstraintViolationException: Duplicate entry 'test01' for key 'PRIMARY'
	at sun.reflect.NativeConstructorAccessorImpl.newInstance0(Native Method)
	at sun.reflect.NativeConstructorAccessorImpl.newInstance(NativeConstructorAccessorImpl.java:57)
	at sun.reflect.DelegatingConstructorAccessorImpl.newInstance(DelegatingConstructorAccessorImpl.java:45)
	at java.lang.reflect.Constructor.newInstance(Constructor.java:526)
	at com.mysql.jdbc.Util.handleNewInstance(Util.java:406)
	at com.mysql.jdbc.Util.getInstance(Util.java:381)
	at com.mysql.jdbc.SQLError.createSQLException(SQLError.java:1015)
	at com.mysql.jdbc.SQLError.createSQLException(SQLError.java:956)
	at com.mysql.jdbc.MysqlIO.checkErrorPacket(MysqlIO.java:3515)
	at com.mysql.jdbc.MysqlIO.checkErrorPacket(MysqlIO.java:3447)
	at com.mysql.jdbc.MysqlIO.sendCommand(MysqlIO.java:1951)
	at com.mysql.jdbc.MysqlIO.sqlQueryDirect(MysqlIO.java:2101)
	at com.mysql.jdbc.ConnectionImpl.execSQL(ConnectionImpl.java:2554)
	at com.mysql.jdbc.PreparedStatement.executeInternal(PreparedStatement.java:1761)
	at com.mysql.jdbc.PreparedStatement.executeUpdate(PreparedStatement.java:2046)
	at com.mysql.jdbc.PreparedStatement.executeUpdate(PreparedStatement.java:1964)
	at com.mysql.jdbc.PreparedStatement.executeUpdate(PreparedStatement.java:1949)
	at org.apache.commons.dbcp.DelegatingPreparedStatement.executeUpdate(DelegatingPreparedStatement.java:101)
	at com.njwb.util.JDBCTemplate.update(JDBCTemplate.java:36)
	at com.njwb.dao.imp.EmpDaoImp.addEmp(EmpDaoImp.java:23)
	at com.njwb.dao.imp.EmpDaoImp.main(EmpDaoImp.java:115)
2018-11-19 10:34:57  INFO EmpDaoImp:41 - 添加员工粗错
com.mysql.jdbc.exceptions.jdbc4.MySQLIntegrityConstraintViolationException: Duplicate entry 'test01' for key 'PRIMARY'
	at sun.reflect.NativeConstructorAccessorImpl.newInstance0(Native Method)
	at sun.reflect.NativeConstructorAccessorImpl.newInstance(NativeConstructorAccessorImpl.java:57)
	at sun.reflect.DelegatingConstructorAccessorImpl.newInstance(DelegatingConstructorAccessorImpl.java:45)
	at java.lang.reflect.Constructor.newInstance(Constructor.java:526)
	at com.mysql.jdbc.Util.handleNewInstance(Util.java:406)
	at com.mysql.jdbc.Util.getInstance(Util.java:381)
	at com.mysql.jdbc.SQLError.createSQLException(SQLError.java:1015)
	at com.mysql.jdbc.SQLError.createSQLException(SQLError.java:956)
	at com.mysql.jdbc.MysqlIO.checkErrorPacket(MysqlIO.java:3515)
	at com.mysql.jdbc.MysqlIO.checkErrorPacket(MysqlIO.java:3447)
	at com.mysql.jdbc.MysqlIO.sendCommand(MysqlIO.java:1951)
	at com.mysql.jdbc.MysqlIO.sqlQueryDirect(MysqlIO.java:2101)
	at com.mysql.jdbc.ConnectionImpl.execSQL(ConnectionImpl.java:2554)
	at com.mysql.jdbc.PreparedStatement.executeInternal(PreparedStatement.java:1761)
	at com.mysql.jdbc.PreparedStatement.executeUpdate(PreparedStatement.java:2046)
	at com.mysql.jdbc.PreparedStatement.executeUpdate(PreparedStatement.java:1964)
	at com.mysql.jdbc.PreparedStatement.executeUpdate(PreparedStatement.java:1949)
	at org.apache.commons.dbcp.DelegatingPreparedStatement.executeUpdate(DelegatingPreparedStatement.java:101)
	at com.njwb.util.JDBCTemplate.update(JDBCTemplate.java:36)
	at com.njwb.dao.imp.EmpDaoImp.addEmp(EmpDaoImp.java:23)
	at com.njwb.dao.imp.EmpDaoImp.main(EmpDaoImp.java:115)
2018-11-19 10:38:14 ERROR UserDaoImp:29 - 查询有毛病
com.mysql.jdbc.exceptions.jdbc4.MySQLSyntaxErrorException: You have an error in your SQL syntax; check the manual that corresponds to your MySQL server version for the right syntax to use near 'where status != -1' at line 1
	at sun.reflect.NativeConstructorAccessorImpl.newInstance0(Native Method)
	at sun.reflect.NativeConstructorAccessorImpl.newInstance(NativeConstructorAccessorImpl.java:57)
	at sun.reflect.DelegatingConstructorAccessorImpl.newInstance(DelegatingConstructorAccessorImpl.java:45)
	at java.lang.reflect.Constructor.newInstance(Constructor.java:526)
	at com.mysql.jdbc.Util.handleNewInstance(Util.java:406)
	at com.mysql.jdbc.Util.getInstance(Util.java:381)
	at com.mysql.jdbc.SQLError.createSQLException(SQLError.java:1030)
	at com.mysql.jdbc.SQLError.createSQLException(SQLError.java:956)
	at com.mysql.jdbc.MysqlIO.checkErrorPacket(MysqlIO.java:3515)
	at com.mysql.jdbc.MysqlIO.checkErrorPacket(MysqlIO.java:3447)
	at com.mysql.jdbc.MysqlIO.sendCommand(MysqlIO.java:1951)
	at com.mysql.jdbc.MysqlIO.sqlQueryDirect(MysqlIO.java:2101)
	at com.mysql.jdbc.ConnectionImpl.execSQL(ConnectionImpl.java:2554)
	at com.mysql.jdbc.PreparedStatement.executeInternal(PreparedStatement.java:1761)
	at com.mysql.jdbc.PreparedStatement.executeQuery(PreparedStatement.java:1912)
	at org.apache.commons.dbcp.DelegatingPreparedStatement.executeQuery(DelegatingPreparedStatement.java:92)
	at com.njwb.util.JDBCTemplate.query(JDBCTemplate.java:91)
	at com.njwb.dao.imp.UserDaoImp.queryByAccountAndPasswd(UserDaoImp.java:22)
	at com.njwb.dao.imp.UserDaoImp.main(UserDaoImp.java:89)
2018-11-19 11:03:44 ERROR UserDaoImp:94 - 启用禁用账户出错
java.sql.SQLException: Parameter index out of range (1 > number of parameters, which is 0).
	at com.mysql.jdbc.SQLError.createSQLException(SQLError.java:1055)
	at com.mysql.jdbc.SQLError.createSQLException(SQLError.java:956)
	at com.mysql.jdbc.SQLError.createSQLException(SQLError.java:926)
	at com.mysql.jdbc.PreparedStatement.checkBounds(PreparedStatement.java:3326)
	at com.mysql.jdbc.PreparedStatement.setInternal(PreparedStatement.java:3310)
	at com.mysql.jdbc.PreparedStatement.setString(PreparedStatement.java:4146)
	at com.mysql.jdbc.PreparedStatement.setObject(PreparedStatement.java:3565)
	at org.apache.commons.dbcp.DelegatingPreparedStatement.setObject(DelegatingPreparedStatement.java:165)
	at com.njwb.util.JDBCTemplate.setParams(JDBCTemplate.java:114)
	at com.njwb.util.JDBCTemplate.update(JDBCTemplate.java:34)
	at com.njwb.dao.imp.UserDaoImp.userAbleByAccount(UserDaoImp.java:92)
	at com.njwb.dao.imp.UserDaoImp.main(UserDaoImp.java:106)
2018-11-19 13:58:43  INFO EmpDaoImp:41 - 添加员工粗错
com.mysql.jdbc.exceptions.jdbc4.MySQLSyntaxErrorException: You have an error in your SQL syntax; check the manual that corresponds to your MySQL server version for the right syntax to use near '0,-1,now())' at line 1
	at sun.reflect.NativeConstructorAccessorImpl.newInstance0(Native Method)
	at sun.reflect.NativeConstructorAccessorImpl.newInstance(NativeConstructorAccessorImpl.java:57)
	at sun.reflect.DelegatingConstructorAccessorImpl.newInstance(DelegatingConstructorAccessorImpl.java:45)
	at java.lang.reflect.Constructor.newInstance(Constructor.java:526)
	at com.mysql.jdbc.Util.handleNewInstance(Util.java:406)
	at com.mysql.jdbc.Util.getInstance(Util.java:381)
	at com.mysql.jdbc.SQLError.createSQLException(SQLError.java:1030)
	at com.mysql.jdbc.SQLError.createSQLException(SQLError.java:956)
	at com.mysql.jdbc.MysqlIO.checkErrorPacket(MysqlIO.java:3515)
	at com.mysql.jdbc.MysqlIO.checkErrorPacket(MysqlIO.java:3447)
	at com.mysql.jdbc.MysqlIO.sendCommand(MysqlIO.java:1951)
	at com.mysql.jdbc.MysqlIO.sqlQueryDirect(MysqlIO.java:2101)
	at com.mysql.jdbc.ConnectionImpl.execSQL(ConnectionImpl.java:2554)
	at com.mysql.jdbc.PreparedStatement.executeInternal(PreparedStatement.java:1761)
	at com.mysql.jdbc.PreparedStatement.executeUpdate(PreparedStatement.java:2046)
	at com.mysql.jdbc.PreparedStatement.executeUpdate(PreparedStatement.java:1964)
	at com.mysql.jdbc.PreparedStatement.executeUpdate(PreparedStatement.java:1949)
	at org.apache.commons.dbcp.DelegatingPreparedStatement.executeUpdate(DelegatingPreparedStatement.java:101)
	at com.njwb.util.JDBCTemplate.update(JDBCTemplate.java:36)
	at com.njwb.dao.imp.EmpDaoImp.addEmp(EmpDaoImp.java:36)
	at com.njwb.dao.imp.EmpDaoImp.main(EmpDaoImp.java:118)
2018-11-19 13:59:29  INFO EmpDaoImp:41 - 添加员工粗错
com.mysql.jdbc.exceptions.jdbc4.MySQLSyntaxErrorException: You have an error in your SQL syntax; check the manual that corresponds to your MySQL server version for the right syntax to use near '0,-1,now())' at line 1
	at sun.reflect.NativeConstructorAccessorImpl.newInstance0(Native Method)
	at sun.reflect.NativeConstructorAccessorImpl.newInstance(NativeConstructorAccessorImpl.java:57)
	at sun.reflect.DelegatingConstructorAccessorImpl.newInstance(DelegatingConstructorAccessorImpl.java:45)
	at java.lang.reflect.Constructor.newInstance(Constructor.java:526)
	at com.mysql.jdbc.Util.handleNewInstance(Util.java:406)
	at com.mysql.jdbc.Util.getInstance(Util.java:381)
	at com.mysql.jdbc.SQLError.createSQLException(SQLError.java:1030)
	at com.mysql.jdbc.SQLError.createSQLException(SQLError.java:956)
	at com.mysql.jdbc.MysqlIO.checkErrorPacket(MysqlIO.java:3515)
	at com.mysql.jdbc.MysqlIO.checkErrorPacket(MysqlIO.java:3447)
	at com.mysql.jdbc.MysqlIO.sendCommand(MysqlIO.java:1951)
	at com.mysql.jdbc.MysqlIO.sqlQueryDirect(MysqlIO.java:2101)
	at com.mysql.jdbc.ConnectionImpl.execSQL(ConnectionImpl.java:2554)
	at com.mysql.jdbc.PreparedStatement.executeInternal(PreparedStatement.java:1761)
	at com.mysql.jdbc.PreparedStatement.executeUpdate(PreparedStatement.java:2046)
	at com.mysql.jdbc.PreparedStatement.executeUpdate(PreparedStatement.java:1964)
	at com.mysql.jdbc.PreparedStatement.executeUpdate(PreparedStatement.java:1949)
	at org.apache.commons.dbcp.DelegatingPreparedStatement.executeUpdate(DelegatingPreparedStatement.java:101)
	at com.njwb.util.JDBCTemplate.update(JDBCTemplate.java:36)
	at com.njwb.dao.imp.EmpDaoImp.addEmp(EmpDaoImp.java:36)
	at com.njwb.dao.imp.EmpDaoImp.main(EmpDaoImp.java:118)
2018-11-19 14:00:17  INFO EmpDaoImp:41 - 添加员工粗错
com.mysql.jdbc.exceptions.jdbc4.MySQLSyntaxErrorException: You have an error in your SQL syntax; check the manual that corresponds to your MySQL server version for the right syntax to use near '0,-1,now())' at line 1
	at sun.reflect.NativeConstructorAccessorImpl.newInstance0(Native Method)
	at sun.reflect.NativeConstructorAccessorImpl.newInstance(NativeConstructorAccessorImpl.java:57)
	at sun.reflect.DelegatingConstructorAccessorImpl.newInstance(DelegatingConstructorAccessorImpl.java:45)
	at java.lang.reflect.Constructor.newInstance(Constructor.java:526)
	at com.mysql.jdbc.Util.handleNewInstance(Util.java:406)
	at com.mysql.jdbc.Util.getInstance(Util.java:381)
	at com.mysql.jdbc.SQLError.createSQLException(SQLError.java:1030)
	at com.mysql.jdbc.SQLError.createSQLException(SQLError.java:956)
	at com.mysql.jdbc.MysqlIO.checkErrorPacket(MysqlIO.java:3515)
	at com.mysql.jdbc.MysqlIO.checkErrorPacket(MysqlIO.java:3447)
	at com.mysql.jdbc.MysqlIO.sendCommand(MysqlIO.java:1951)
	at com.mysql.jdbc.MysqlIO.sqlQueryDirect(MysqlIO.java:2101)
	at com.mysql.jdbc.ConnectionImpl.execSQL(ConnectionImpl.java:2554)
	at com.mysql.jdbc.PreparedStatement.executeInternal(PreparedStatement.java:1761)
	at com.mysql.jdbc.PreparedStatement.executeUpdate(PreparedStatement.java:2046)
	at com.mysql.jdbc.PreparedStatement.executeUpdate(PreparedStatement.java:1964)
	at com.mysql.jdbc.PreparedStatement.executeUpdate(PreparedStatement.java:1949)
	at org.apache.commons.dbcp.DelegatingPreparedStatement.executeUpdate(DelegatingPreparedStatement.java:101)
	at com.njwb.util.JDBCTemplate.update(JDBCTemplate.java:36)
	at com.njwb.dao.imp.EmpDaoImp.addEmp(EmpDaoImp.java:36)
	at com.njwb.dao.imp.EmpDaoImp.main(EmpDaoImp.java:118)
2018-11-19 14:00:34  INFO EmpDaoImp:41 - 添加员工粗错
com.mysql.jdbc.exceptions.jdbc4.MySQLIntegrityConstraintViolationException: Duplicate entry 'test01' for key 'PRIMARY'
	at sun.reflect.NativeConstructorAccessorImpl.newInstance0(Native Method)
	at sun.reflect.NativeConstructorAccessorImpl.newInstance(NativeConstructorAccessorImpl.java:57)
	at sun.reflect.DelegatingConstructorAccessorImpl.newInstance(DelegatingConstructorAccessorImpl.java:45)
	at java.lang.reflect.Constructor.newInstance(Constructor.java:526)
	at com.mysql.jdbc.Util.handleNewInstance(Util.java:406)
	at com.mysql.jdbc.Util.getInstance(Util.java:381)
	at com.mysql.jdbc.SQLError.createSQLException(SQLError.java:1015)
	at com.mysql.jdbc.SQLError.createSQLException(SQLError.java:956)
	at com.mysql.jdbc.MysqlIO.checkErrorPacket(MysqlIO.java:3515)
	at com.mysql.jdbc.MysqlIO.checkErrorPacket(MysqlIO.java:3447)
	at com.mysql.jdbc.MysqlIO.sendCommand(MysqlIO.java:1951)
	at com.mysql.jdbc.MysqlIO.sqlQueryDirect(MysqlIO.java:2101)
	at com.mysql.jdbc.ConnectionImpl.execSQL(ConnectionImpl.java:2554)
	at com.mysql.jdbc.PreparedStatement.executeInternal(PreparedStatement.java:1761)
	at com.mysql.jdbc.PreparedStatement.executeUpdate(PreparedStatement.java:2046)
	at com.mysql.jdbc.PreparedStatement.executeUpdate(PreparedStatement.java:1964)
	at com.mysql.jdbc.PreparedStatement.executeUpdate(PreparedStatement.java:1949)
	at org.apache.commons.dbcp.DelegatingPreparedStatement.executeUpdate(DelegatingPreparedStatement.java:101)
	at com.njwb.util.JDBCTemplate.update(JDBCTemplate.java:36)
	at com.njwb.dao.imp.EmpDaoImp.addEmp(EmpDaoImp.java:23)
	at com.njwb.dao.imp.EmpDaoImp.main(EmpDaoImp.java:118)
2018-11-19 14:00:44  INFO EmpDaoImp:41 - 添加员工粗错
com.mysql.jdbc.exceptions.jdbc4.MySQLSyntaxErrorException: You have an error in your SQL syntax; check the manual that corresponds to your MySQL server version for the right syntax to use near '0,-1,now())' at line 1
	at sun.reflect.NativeConstructorAccessorImpl.newInstance0(Native Method)
	at sun.reflect.NativeConstructorAccessorImpl.newInstance(NativeConstructorAccessorImpl.java:57)
	at sun.reflect.DelegatingConstructorAccessorImpl.newInstance(DelegatingConstructorAccessorImpl.java:45)
	at java.lang.reflect.Constructor.newInstance(Constructor.java:526)
	at com.mysql.jdbc.Util.handleNewInstance(Util.java:406)
	at com.mysql.jdbc.Util.getInstance(Util.java:381)
	at com.mysql.jdbc.SQLError.createSQLException(SQLError.java:1030)
	at com.mysql.jdbc.SQLError.createSQLException(SQLError.java:956)
	at com.mysql.jdbc.MysqlIO.checkErrorPacket(MysqlIO.java:3515)
	at com.mysql.jdbc.MysqlIO.checkErrorPacket(MysqlIO.java:3447)
	at com.mysql.jdbc.MysqlIO.sendCommand(MysqlIO.java:1951)
	at com.mysql.jdbc.MysqlIO.sqlQueryDirect(MysqlIO.java:2101)
	at com.mysql.jdbc.ConnectionImpl.execSQL(ConnectionImpl.java:2554)
	at com.mysql.jdbc.PreparedStatement.executeInternal(PreparedStatement.java:1761)
	at com.mysql.jdbc.PreparedStatement.executeUpdate(PreparedStatement.java:2046)
	at com.mysql.jdbc.PreparedStatement.executeUpdate(PreparedStatement.java:1964)
	at com.mysql.jdbc.PreparedStatement.executeUpdate(PreparedStatement.java:1949)
	at org.apache.commons.dbcp.DelegatingPreparedStatement.executeUpdate(DelegatingPreparedStatement.java:101)
	at com.njwb.util.JDBCTemplate.update(JDBCTemplate.java:36)
	at com.njwb.dao.imp.EmpDaoImp.addEmp(EmpDaoImp.java:36)
	at com.njwb.dao.imp.EmpDaoImp.main(EmpDaoImp.java:118)
2018-11-19 14:01:02  INFO EmpDaoImp:41 - 添加员工粗错
com.mysql.jdbc.exceptions.jdbc4.MySQLIntegrityConstraintViolationException: Duplicate entry 'test0d1' for key 'PRIMARY'
	at sun.reflect.NativeConstructorAccessorImpl.newInstance0(Native Method)
	at sun.reflect.NativeConstructorAccessorImpl.newInstance(NativeConstructorAccessorImpl.java:57)
	at sun.reflect.DelegatingConstructorAccessorImpl.newInstance(DelegatingConstructorAccessorImpl.java:45)
	at java.lang.reflect.Constructor.newInstance(Constructor.java:526)
	at com.mysql.jdbc.Util.handleNewInstance(Util.java:406)
	at com.mysql.jdbc.Util.getInstance(Util.java:381)
	at com.mysql.jdbc.SQLError.createSQLException(SQLError.java:1015)
	at com.mysql.jdbc.SQLError.createSQLException(SQLError.java:956)
	at com.mysql.jdbc.MysqlIO.checkErrorPacket(MysqlIO.java:3515)
	at com.mysql.jdbc.MysqlIO.checkErrorPacket(MysqlIO.java:3447)
	at com.mysql.jdbc.MysqlIO.sendCommand(MysqlIO.java:1951)
	at com.mysql.jdbc.MysqlIO.sqlQueryDirect(MysqlIO.java:2101)
	at com.mysql.jdbc.ConnectionImpl.execSQL(ConnectionImpl.java:2554)
	at com.mysql.jdbc.PreparedStatement.executeInternal(PreparedStatement.java:1761)
	at com.mysql.jdbc.PreparedStatement.executeUpdate(PreparedStatement.java:2046)
	at com.mysql.jdbc.PreparedStatement.executeUpdate(PreparedStatement.java:1964)
	at com.mysql.jdbc.PreparedStatement.executeUpdate(PreparedStatement.java:1949)
	at org.apache.commons.dbcp.DelegatingPreparedStatement.executeUpdate(DelegatingPreparedStatement.java:101)
	at com.njwb.util.JDBCTemplate.update(JDBCTemplate.java:36)
	at com.njwb.dao.imp.EmpDaoImp.addEmp(EmpDaoImp.java:23)
	at com.njwb.dao.imp.EmpDaoImp.main(EmpDaoImp.java:118)
2018-11-19 14:01:23  INFO EmpDaoImp:41 - 添加员工粗错
java.sql.SQLException: Column count doesn't match value count at row 1
	at com.mysql.jdbc.SQLError.createSQLException(SQLError.java:1055)
	at com.mysql.jdbc.SQLError.createSQLException(SQLError.java:956)
	at com.mysql.jdbc.MysqlIO.checkErrorPacket(MysqlIO.java:3515)
	at com.mysql.jdbc.MysqlIO.checkErrorPacket(MysqlIO.java:3447)
	at com.mysql.jdbc.MysqlIO.sendCommand(MysqlIO.java:1951)
	at com.mysql.jdbc.MysqlIO.sqlQueryDirect(MysqlIO.java:2101)
	at com.mysql.jdbc.ConnectionImpl.execSQL(ConnectionImpl.java:2554)
	at com.mysql.jdbc.PreparedStatement.executeInternal(PreparedStatement.java:1761)
	at com.mysql.jdbc.PreparedStatement.executeUpdate(PreparedStatement.java:2046)
	at com.mysql.jdbc.PreparedStatement.executeUpdate(PreparedStatement.java:1964)
	at com.mysql.jdbc.PreparedStatement.executeUpdate(PreparedStatement.java:1949)
	at org.apache.commons.dbcp.DelegatingPreparedStatement.executeUpdate(DelegatingPreparedStatement.java:101)
	at com.njwb.util.JDBCTemplate.update(JDBCTemplate.java:36)
	at com.njwb.dao.imp.EmpDaoImp.addEmp(EmpDaoImp.java:36)
	at com.njwb.dao.imp.EmpDaoImp.main(EmpDaoImp.java:118)
2018-11-19 14:03:56  INFO EmpDaoImp:41 - 添加员工粗错
com.mysql.jdbc.exceptions.jdbc4.MySQLIntegrityConstraintViolationException: Duplicate entry 'te1' for key 'PRIMARY'
	at sun.reflect.NativeConstructorAccessorImpl.newInstance0(Native Method)
	at sun.reflect.NativeConstructorAccessorImpl.newInstance(NativeConstructorAccessorImpl.java:57)
	at sun.reflect.DelegatingConstructorAccessorImpl.newInstance(DelegatingConstructorAccessorImpl.java:45)
	at java.lang.reflect.Constructor.newInstance(Constructor.java:526)
	at com.mysql.jdbc.Util.handleNewInstance(Util.java:406)
	at com.mysql.jdbc.Util.getInstance(Util.java:381)
	at com.mysql.jdbc.SQLError.createSQLException(SQLError.java:1015)
	at com.mysql.jdbc.SQLError.createSQLException(SQLError.java:956)
	at com.mysql.jdbc.MysqlIO.checkErrorPacket(MysqlIO.java:3515)
	at com.mysql.jdbc.MysqlIO.checkErrorPacket(MysqlIO.java:3447)
	at com.mysql.jdbc.MysqlIO.sendCommand(MysqlIO.java:1951)
	at com.mysql.jdbc.MysqlIO.sqlQueryDirect(MysqlIO.java:2101)
	at com.mysql.jdbc.ConnectionImpl.execSQL(ConnectionImpl.java:2554)
	at com.mysql.jdbc.PreparedStatement.executeInternal(PreparedStatement.java:1761)
	at com.mysql.jdbc.PreparedStatement.executeUpdate(PreparedStatement.java:2046)
	at com.mysql.jdbc.PreparedStatement.executeUpdate(PreparedStatement.java:1964)
	at com.mysql.jdbc.PreparedStatement.executeUpdate(PreparedStatement.java:1949)
	at org.apache.commons.dbcp.DelegatingPreparedStatement.executeUpdate(DelegatingPreparedStatement.java:101)
	at com.njwb.util.JDBCTemplate.update(JDBCTemplate.java:36)
	at com.njwb.dao.imp.EmpDaoImp.addEmp(EmpDaoImp.java:23)
	at com.njwb.dao.imp.EmpDaoImp.main(EmpDaoImp.java:118)
2018-11-19 14:05:37  INFO EmpDaoImp:41 - 添加员工粗错
java.sql.SQLException: Column count doesn't match value count at row 1
	at com.mysql.jdbc.SQLError.createSQLException(SQLError.java:1055)
	at com.mysql.jdbc.SQLError.createSQLException(SQLError.java:956)
	at com.mysql.jdbc.MysqlIO.checkErrorPacket(MysqlIO.java:3515)
	at com.mysql.jdbc.MysqlIO.checkErrorPacket(MysqlIO.java:3447)
	at com.mysql.jdbc.MysqlIO.sendCommand(MysqlIO.java:1951)
	at com.mysql.jdbc.MysqlIO.sqlQueryDirect(MysqlIO.java:2101)
	at com.mysql.jdbc.ConnectionImpl.execSQL(ConnectionImpl.java:2554)
	at com.mysql.jdbc.PreparedStatement.executeInternal(PreparedStatement.java:1761)
	at com.mysql.jdbc.PreparedStatement.executeUpdate(PreparedStatement.java:2046)
	at com.mysql.jdbc.PreparedStatement.executeUpdate(PreparedStatement.java:1964)
	at com.mysql.jdbc.PreparedStatement.executeUpdate(PreparedStatement.java:1949)
	at org.apache.commons.dbcp.DelegatingPreparedStatement.executeUpdate(DelegatingPreparedStatement.java:101)
	at com.njwb.util.JDBCTemplate.update(JDBCTemplate.java:36)
	at com.njwb.dao.imp.EmpDaoImp.addEmp(EmpDaoImp.java:36)
	at com.njwb.dao.imp.EmpDaoImp.main(EmpDaoImp.java:118)
2018-11-19 14:06:21  INFO EmpDaoImp:41 - 添加员工粗错
com.mysql.jdbc.exceptions.jdbc4.MySQLIntegrityConstraintViolationException: Duplicate entry 'te1' for key 'PRIMARY'
	at sun.reflect.NativeConstructorAccessorImpl.newInstance0(Native Method)
	at sun.reflect.NativeConstructorAccessorImpl.newInstance(NativeConstructorAccessorImpl.java:57)
	at sun.reflect.DelegatingConstructorAccessorImpl.newInstance(DelegatingConstructorAccessorImpl.java:45)
	at java.lang.reflect.Constructor.newInstance(Constructor.java:526)
	at com.mysql.jdbc.Util.handleNewInstance(Util.java:406)
	at com.mysql.jdbc.Util.getInstance(Util.java:381)
	at com.mysql.jdbc.SQLError.createSQLException(SQLError.java:1015)
	at com.mysql.jdbc.SQLError.createSQLException(SQLError.java:956)
	at com.mysql.jdbc.MysqlIO.checkErrorPacket(MysqlIO.java:3515)
	at com.mysql.jdbc.MysqlIO.checkErrorPacket(MysqlIO.java:3447)
	at com.mysql.jdbc.MysqlIO.sendCommand(MysqlIO.java:1951)
	at com.mysql.jdbc.MysqlIO.sqlQueryDirect(MysqlIO.java:2101)
	at com.mysql.jdbc.ConnectionImpl.execSQL(ConnectionImpl.java:2554)
	at com.mysql.jdbc.PreparedStatement.executeInternal(PreparedStatement.java:1761)
	at com.mysql.jdbc.PreparedStatement.executeUpdate(PreparedStatement.java:2046)
	at com.mysql.jdbc.PreparedStatement.executeUpdate(PreparedStatement.java:1964)
	at com.mysql.jdbc.PreparedStatement.executeUpdate(PreparedStatement.java:1949)
	at org.apache.commons.dbcp.DelegatingPreparedStatement.executeUpdate(DelegatingPreparedStatement.java:101)
	at com.njwb.util.JDBCTemplate.update(JDBCTemplate.java:36)
	at com.njwb.dao.imp.EmpDaoImp.addEmp(EmpDaoImp.java:23)
	at com.njwb.dao.imp.EmpDaoImp.main(EmpDaoImp.java:118)
2018-11-19 14:07:45  INFO EmpDaoImp:41 - 添加员工粗错
java.sql.SQLException: Column count doesn't match value count at row 1
	at com.mysql.jdbc.SQLError.createSQLException(SQLError.java:1055)
	at com.mysql.jdbc.SQLError.createSQLException(SQLError.java:956)
	at com.mysql.jdbc.MysqlIO.checkErrorPacket(MysqlIO.java:3515)
	at com.mysql.jdbc.MysqlIO.checkErrorPacket(MysqlIO.java:3447)
	at com.mysql.jdbc.MysqlIO.sendCommand(MysqlIO.java:1951)
	at com.mysql.jdbc.MysqlIO.sqlQueryDirect(MysqlIO.java:2101)
	at com.mysql.jdbc.ConnectionImpl.execSQL(ConnectionImpl.java:2554)
	at com.mysql.jdbc.PreparedStatement.executeInternal(PreparedStatement.java:1761)
	at com.mysql.jdbc.PreparedStatement.executeUpdate(PreparedStatement.java:2046)
	at com.mysql.jdbc.PreparedStatement.executeUpdate(PreparedStatement.java:1964)
	at com.mysql.jdbc.PreparedStatement.executeUpdate(PreparedStatement.java:1949)
	at org.apache.commons.dbcp.DelegatingPreparedStatement.executeUpdate(DelegatingPreparedStatement.java:101)
	at com.njwb.util.JDBCTemplate.update(JDBCTemplate.java:36)
	at com.njwb.dao.imp.EmpDaoImp.addEmp(EmpDaoImp.java:36)
	at com.njwb.dao.imp.EmpDaoImp.main(EmpDaoImp.java:118)
2018-11-19 14:12:13  INFO EmpDaoImp:41 - 添加员工粗错
java.sql.SQLException: Column count doesn't match value count at row 1
	at com.mysql.jdbc.SQLError.createSQLException(SQLError.java:1055)
	at com.mysql.jdbc.SQLError.createSQLException(SQLError.java:956)
	at com.mysql.jdbc.MysqlIO.checkErrorPacket(MysqlIO.java:3515)
	at com.mysql.jdbc.MysqlIO.checkErrorPacket(MysqlIO.java:3447)
	at com.mysql.jdbc.MysqlIO.sendCommand(MysqlIO.java:1951)
	at com.mysql.jdbc.MysqlIO.sqlQueryDirect(MysqlIO.java:2101)
	at com.mysql.jdbc.ConnectionImpl.execSQL(ConnectionImpl.java:2554)
	at com.mysql.jdbc.PreparedStatement.executeInternal(PreparedStatement.java:1761)
	at com.mysql.jdbc.PreparedStatement.executeUpdate(PreparedStatement.java:2046)
	at com.mysql.jdbc.PreparedStatement.executeUpdate(PreparedStatement.java:1964)
	at com.mysql.jdbc.PreparedStatement.executeUpdate(PreparedStatement.java:1949)
	at org.apache.commons.dbcp.DelegatingPreparedStatement.executeUpdate(DelegatingPreparedStatement.java:101)
	at com.njwb.util.JDBCTemplate.update(JDBCTemplate.java:36)
	at com.njwb.dao.imp.EmpDaoImp.addEmp(EmpDaoImp.java:36)
	at com.njwb.dao.imp.EmpDaoImp.main(EmpDaoImp.java:118)
2018-11-19 14:13:45  INFO EmpDaoImp:41 - 添加员工粗错
java.sql.SQLException: Column count doesn't match value count at row 1
	at com.mysql.jdbc.SQLError.createSQLException(SQLError.java:1055)
	at com.mysql.jdbc.SQLError.createSQLException(SQLError.java:956)
	at com.mysql.jdbc.MysqlIO.checkErrorPacket(MysqlIO.java:3515)
	at com.mysql.jdbc.MysqlIO.checkErrorPacket(MysqlIO.java:3447)
	at com.mysql.jdbc.MysqlIO.sendCommand(MysqlIO.java:1951)
	at com.mysql.jdbc.MysqlIO.sqlQueryDirect(MysqlIO.java:2101)
	at com.mysql.jdbc.ConnectionImpl.execSQL(ConnectionImpl.java:2554)
	at com.mysql.jdbc.PreparedStatement.executeInternal(PreparedStatement.java:1761)
	at com.mysql.jdbc.PreparedStatement.executeUpdate(PreparedStatement.java:2046)
	at com.mysql.jdbc.PreparedStatement.executeUpdate(PreparedStatement.java:1964)
	at com.mysql.jdbc.PreparedStatement.executeUpdate(PreparedStatement.java:1949)
	at org.apache.commons.dbcp.DelegatingPreparedStatement.executeUpdate(DelegatingPreparedStatement.java:101)
	at com.njwb.util.JDBCTemplate.update(JDBCTemplate.java:36)
	at com.njwb.dao.imp.EmpDaoImp.addEmp(EmpDaoImp.java:36)
	at com.njwb.dao.imp.EmpDaoImp.main(EmpDaoImp.java:118)
2018-11-19 14:16:21  INFO EmpDaoImp:41 - 添加员工粗错
com.mysql.jdbc.exceptions.jdbc4.MySQLSyntaxErrorException: You have an error in your SQL syntax; check the manual that corresponds to your MySQL server version for the right syntax to use near 'role_id, status, create_time) values ('test01','test01','nnnn' ,0,-1,now())' at line 1
	at sun.reflect.NativeConstructorAccessorImpl.newInstance0(Native Method)
	at sun.reflect.NativeConstructorAccessorImpl.newInstance(NativeConstructorAccessorImpl.java:57)
	at sun.reflect.DelegatingConstructorAccessorImpl.newInstance(DelegatingConstructorAccessorImpl.java:45)
	at java.lang.reflect.Constructor.newInstance(Constructor.java:526)
	at com.mysql.jdbc.Util.handleNewInstance(Util.java:406)
	at com.mysql.jdbc.Util.getInstance(Util.java:381)
	at com.mysql.jdbc.SQLError.createSQLException(SQLError.java:1030)
	at com.mysql.jdbc.SQLError.createSQLException(SQLError.java:956)
	at com.mysql.jdbc.MysqlIO.checkErrorPacket(MysqlIO.java:3515)
	at com.mysql.jdbc.MysqlIO.checkErrorPacket(MysqlIO.java:3447)
	at com.mysql.jdbc.MysqlIO.sendCommand(MysqlIO.java:1951)
	at com.mysql.jdbc.MysqlIO.sqlQueryDirect(MysqlIO.java:2101)
	at com.mysql.jdbc.ConnectionImpl.execSQL(ConnectionImpl.java:2554)
	at com.mysql.jdbc.PreparedStatement.executeInternal(PreparedStatement.java:1761)
	at com.mysql.jdbc.PreparedStatement.executeUpdate(PreparedStatement.java:2046)
	at com.mysql.jdbc.PreparedStatement.executeUpdate(PreparedStatement.java:1964)
	at com.mysql.jdbc.PreparedStatement.executeUpdate(PreparedStatement.java:1949)
	at org.apache.commons.dbcp.DelegatingPreparedStatement.executeUpdate(DelegatingPreparedStatement.java:101)
	at com.njwb.util.JDBCTemplate.update(JDBCTemplate.java:36)
	at com.njwb.dao.imp.EmpDaoImp.addEmp(EmpDaoImp.java:36)
	at com.njwb.dao.imp.EmpDaoImp.main(EmpDaoImp.java:117)
2018-11-19 14:17:51  INFO EmpDaoImp:41 - 添加员工粗错
java.sql.SQLException: Column count doesn't match value count at row 1
	at com.mysql.jdbc.SQLError.createSQLException(SQLError.java:1055)
	at com.mysql.jdbc.SQLError.createSQLException(SQLError.java:956)
	at com.mysql.jdbc.MysqlIO.checkErrorPacket(MysqlIO.java:3515)
	at com.mysql.jdbc.MysqlIO.checkErrorPacket(MysqlIO.java:3447)
	at com.mysql.jdbc.MysqlIO.sendCommand(MysqlIO.java:1951)
	at com.mysql.jdbc.MysqlIO.sqlQueryDirect(MysqlIO.java:2101)
	at com.mysql.jdbc.ConnectionImpl.execSQL(ConnectionImpl.java:2554)
	at com.mysql.jdbc.PreparedStatement.executeInternal(PreparedStatement.java:1761)
	at com.mysql.jdbc.PreparedStatement.executeUpdate(PreparedStatement.java:2046)
	at com.mysql.jdbc.PreparedStatement.executeUpdate(PreparedStatement.java:1964)
	at com.mysql.jdbc.PreparedStatement.executeUpdate(PreparedStatement.java:1949)
	at org.apache.commons.dbcp.DelegatingPreparedStatement.executeUpdate(DelegatingPreparedStatement.java:101)
	at com.njwb.util.JDBCTemplate.update(JDBCTemplate.java:36)
	at com.njwb.dao.imp.EmpDaoImp.addEmp(EmpDaoImp.java:36)
	at com.njwb.dao.imp.EmpDaoImp.main(EmpDaoImp.java:118)
2018-11-19 14:19:05  INFO EmpDaoImp:42 - 添加员工粗错
java.sql.SQLException: Column count doesn't match value count at row 1
	at com.mysql.jdbc.SQLError.createSQLException(SQLError.java:1055)
	at com.mysql.jdbc.SQLError.createSQLException(SQLError.java:956)
	at com.mysql.jdbc.MysqlIO.checkErrorPacket(MysqlIO.java:3515)
	at com.mysql.jdbc.MysqlIO.checkErrorPacket(MysqlIO.java:3447)
	at com.mysql.jdbc.MysqlIO.sendCommand(MysqlIO.java:1951)
	at com.mysql.jdbc.MysqlIO.sqlQueryDirect(MysqlIO.java:2101)
	at com.mysql.jdbc.ConnectionImpl.execSQL(ConnectionImpl.java:2554)
	at com.mysql.jdbc.PreparedStatement.executeInternal(PreparedStatement.java:1761)
	at com.mysql.jdbc.PreparedStatement.executeUpdate(PreparedStatement.java:2046)
	at com.mysql.jdbc.PreparedStatement.executeUpdate(PreparedStatement.java:1964)
	at com.mysql.jdbc.PreparedStatement.executeUpdate(PreparedStatement.java:1949)
	at org.apache.commons.dbcp.DelegatingPreparedStatement.executeUpdate(DelegatingPreparedStatement.java:101)
	at com.njwb.util.JDBCTemplate.update(JDBCTemplate.java:36)
	at com.njwb.dao.imp.EmpDaoImp.addEmp(EmpDaoImp.java:37)
	at com.njwb.dao.imp.EmpDaoImp.main(EmpDaoImp.java:119)
2018-11-19 14:20:07  INFO EmpDaoImp:42 - 添加员工粗错
java.sql.SQLException: Column count doesn't match value count at row 1
	at com.mysql.jdbc.SQLError.createSQLException(SQLError.java:1055)
	at com.mysql.jdbc.SQLError.createSQLException(SQLError.java:956)
	at com.mysql.jdbc.MysqlIO.checkErrorPacket(MysqlIO.java:3515)
	at com.mysql.jdbc.MysqlIO.checkErrorPacket(MysqlIO.java:3447)
	at com.mysql.jdbc.MysqlIO.sendCommand(MysqlIO.java:1951)
	at com.mysql.jdbc.MysqlIO.sqlQueryDirect(MysqlIO.java:2101)
	at com.mysql.jdbc.ConnectionImpl.execSQL(ConnectionImpl.java:2554)
	at com.mysql.jdbc.PreparedStatement.executeInternal(PreparedStatement.java:1761)
	at com.mysql.jdbc.PreparedStatement.executeUpdate(PreparedStatement.java:2046)
	at com.mysql.jdbc.PreparedStatement.executeUpdate(PreparedStatement.java:1964)
	at com.mysql.jdbc.PreparedStatement.executeUpdate(PreparedStatement.java:1949)
	at org.apache.commons.dbcp.DelegatingPreparedStatement.executeUpdate(DelegatingPreparedStatement.java:101)
	at com.njwb.util.JDBCTemplate.update(JDBCTemplate.java:36)
	at com.njwb.dao.imp.EmpDaoImp.addEmp(EmpDaoImp.java:37)
	at com.njwb.dao.imp.EmpDaoImp.main(EmpDaoImp.java:119)
2018-11-19 14:20:21  INFO EmpDaoImp:42 - 添加员工粗错
com.mysql.jdbc.exceptions.jdbc4.MySQLIntegrityConstraintViolationException: Duplicate entry 'te1' for key 'PRIMARY'
	at sun.reflect.NativeConstructorAccessorImpl.newInstance0(Native Method)
	at sun.reflect.NativeConstructorAccessorImpl.newInstance(NativeConstructorAccessorImpl.java:57)
	at sun.reflect.DelegatingConstructorAccessorImpl.newInstance(DelegatingConstructorAccessorImpl.java:45)
	at java.lang.reflect.Constructor.newInstance(Constructor.java:526)
	at com.mysql.jdbc.Util.handleNewInstance(Util.java:406)
	at com.mysql.jdbc.Util.getInstance(Util.java:381)
	at com.mysql.jdbc.SQLError.createSQLException(SQLError.java:1015)
	at com.mysql.jdbc.SQLError.createSQLException(SQLError.java:956)
	at com.mysql.jdbc.MysqlIO.checkErrorPacket(MysqlIO.java:3515)
	at com.mysql.jdbc.MysqlIO.checkErrorPacket(MysqlIO.java:3447)
	at com.mysql.jdbc.MysqlIO.sendCommand(MysqlIO.java:1951)
	at com.mysql.jdbc.MysqlIO.sqlQueryDirect(MysqlIO.java:2101)
	at com.mysql.jdbc.ConnectionImpl.execSQL(ConnectionImpl.java:2554)
	at com.mysql.jdbc.PreparedStatement.executeInternal(PreparedStatement.java:1761)
	at com.mysql.jdbc.PreparedStatement.executeUpdate(PreparedStatement.java:2046)
	at com.mysql.jdbc.PreparedStatement.executeUpdate(PreparedStatement.java:1964)
	at com.mysql.jdbc.PreparedStatement.executeUpdate(PreparedStatement.java:1949)
	at org.apache.commons.dbcp.DelegatingPreparedStatement.executeUpdate(DelegatingPreparedStatement.java:101)
	at com.njwb.util.JDBCTemplate.update(JDBCTemplate.java:36)
	at com.njwb.dao.imp.EmpDaoImp.addEmp(EmpDaoImp.java:24)
	at com.njwb.dao.imp.EmpDaoImp.main(EmpDaoImp.java:119)
